2019-12-03 15:23:43,359 INFO o.a.j.u.JMeterUtils: Setting Locale to en_EN
2019-12-03 15:23:43,382 INFO o.a.j.JMeter: Loading user properties from: /home/oki/Downloads/JMeter/apache-jmeter-5.1.1/bin/user.properties
2019-12-03 15:23:43,382 INFO o.a.j.JMeter: Loading system properties from: /home/oki/Downloads/JMeter/apache-jmeter-5.1.1/bin/system.properties
2019-12-03 15:23:43,388 INFO o.a.j.JMeter: Copyright (c) 1998-2019 The Apache Software Foundation
2019-12-03 15:23:43,388 INFO o.a.j.JMeter: Version 5.1.1 r1855137
2019-12-03 15:23:43,388 INFO o.a.j.JMeter: java.version=11.0.4
2019-12-03 15:23:43,388 INFO o.a.j.JMeter: java.vm.name=OpenJDK 64-Bit Server VM
2019-12-03 15:23:43,388 INFO o.a.j.JMeter: os.name=Linux
2019-12-03 15:23:43,388 INFO o.a.j.JMeter: os.arch=amd64
2019-12-03 15:23:43,388 INFO o.a.j.JMeter: os.version=4.15.0-72-generic
2019-12-03 15:23:43,388 INFO o.a.j.JMeter: file.encoding=UTF-8
2019-12-03 15:23:43,388 INFO o.a.j.JMeter: java.awt.headless=null
2019-12-03 15:23:43,389 INFO o.a.j.JMeter: Max memory     =1073741824
2019-12-03 15:23:43,389 INFO o.a.j.JMeter: Available Processors =8
2019-12-03 15:23:43,397 INFO o.a.j.JMeter: Default Locale=English (EN)
2019-12-03 15:23:43,397 INFO o.a.j.JMeter: JMeter  Locale=English (EN)
2019-12-03 15:23:43,397 INFO o.a.j.JMeter: JMeterHome=/home/oki/Downloads/JMeter/apache-jmeter-5.1.1
2019-12-03 15:23:43,397 INFO o.a.j.JMeter: user.dir  =/home/oki/Documents/HEIG/S5/1_AIT/Labos/Labo3
2019-12-03 15:23:43,397 INFO o.a.j.JMeter: PWD       =/home/oki/Documents/HEIG/S5/1_AIT/Labos/Labo3
2019-12-03 15:23:43,398 INFO o.a.j.JMeter: IP: 127.0.1.1 Name: oki-HP-ProBook-450-G5 FullName: oki-HP-ProBook-450-G5
2019-12-03 15:23:43,781 INFO o.a.j.g.a.LookAndFeelCommand: Installing Darcula LAF
2019-12-03 15:23:43,821 INFO o.a.j.g.a.LookAndFeelCommand: Using look and feel: com.bulenkov.darcula.DarculaLaf [Darcula]
2019-12-03 15:23:43,821 INFO o.a.j.JMeter: Setting LAF to: com.bulenkov.darcula.DarculaLaf
2019-12-03 15:23:43,910 INFO o.a.j.JMeter: Loaded icon properties from org/apache/jmeter/images/icon.properties
2019-12-03 15:23:44,513 INFO o.j.r.JARSourceHTTP: Requesting https://jmeter-plugins.org/repo/?installID=linux-db130685833e121505a200539013e9a3-gui
2019-12-03 15:23:45,989 INFO o.a.j.p.h.s.HTTPSamplerBase: Parser for text/html is org.apache.jmeter.protocol.http.parser.LagartoBasedHtmlParser
2019-12-03 15:23:45,989 INFO o.a.j.p.h.s.HTTPSamplerBase: Parser for application/xhtml+xml is org.apache.jmeter.protocol.http.parser.LagartoBasedHtmlParser
2019-12-03 15:23:45,989 INFO o.a.j.p.h.s.HTTPSamplerBase: Parser for application/xml is org.apache.jmeter.protocol.http.parser.LagartoBasedHtmlParser
2019-12-03 15:23:45,989 INFO o.a.j.p.h.s.HTTPSamplerBase: Parser for text/xml is org.apache.jmeter.protocol.http.parser.LagartoBasedHtmlParser
2019-12-03 15:23:45,989 INFO o.a.j.p.h.s.HTTPSamplerBase: Parser for text/vnd.wap.wml is org.apache.jmeter.protocol.http.parser.RegexpHTMLParser
2019-12-03 15:23:45,989 INFO o.a.j.p.h.s.HTTPSamplerBase: Parser for text/css is org.apache.jmeter.protocol.http.parser.CssParser
2019-12-03 15:23:46,264 INFO o.a.j.e.KeyToolUtils: keytool found at 'keytool'
2019-12-03 15:23:46,264 INFO o.a.j.p.h.p.ProxyControl: HTTP(S) Test Script Recorder SSL Proxy will use keys that support embedded 3rd party resources in file /home/oki/Downloads/JMeter/apache-jmeter-5.1.1/bin/proxyserver.jks
2019-12-03 15:23:46,372 INFO o.a.j.s.FileServer: Default base='/home/oki/Documents/HEIG/S5/1_AIT/Labos/Labo3'
2019-12-03 15:23:46,621 INFO o.a.j.s.SampleResult: Note: Sample TimeStamps are START times
2019-12-03 15:23:46,621 INFO o.a.j.s.SampleResult: sampleresult.default.encoding is set to ISO-8859-1
2019-12-03 15:23:46,621 INFO o.a.j.s.SampleResult: sampleresult.useNanoTime=true
2019-12-03 15:23:46,621 INFO o.a.j.s.SampleResult: sampleresult.nanoThreadSleep=5000
2019-12-03 15:23:46,638 INFO o.a.j.v.ViewResultsFullVisualizer: Add JavaFX to your Java installation if you want to use renderer: org.apache.jmeter.visualizers.RenderInBrowser
2019-12-03 15:23:46,988 INFO o.j.r.PluginManager: Plugins Status: [jpgc-plugins-manager=1.3, jmeter-core=5.1.1, jmeter-ftp=5.1.1, jmeter-http=5.1.1, jmeter-jdbc=5.1.1, jmeter-jms=5.1.1, jmeter-junit=5.1.1, jmeter-java=5.1.1, jmeter-ldap=5.1.1, jmeter-mail=5.1.1, jmeter-mongodb=5.1.1, jmeter-native=5.1.1, jmeter-tcp=5.1.1, jmeter-components=5.1.1]
2019-12-03 15:24:10,301 INFO o.a.j.g.a.Load: Loading file: /home/oki/Documents/HEIG/S5/1_AIT/Labos/Labo3/tester.jmx
2019-12-03 15:24:10,301 INFO o.a.j.s.FileServer: Set new base='/home/oki/Documents/HEIG/S5/1_AIT/Labos/Labo3'
2019-12-03 15:24:10,451 INFO o.a.j.s.SaveService: Testplan (JMX) version: 2.2. Testlog (JTL) version: 2.2
2019-12-03 15:24:10,457 INFO o.a.j.s.SaveService: Using SaveService properties version 5.0
2019-12-03 15:24:10,459 INFO o.a.j.s.SaveService: Using SaveService properties file encoding UTF-8
2019-12-03 15:24:10,460 INFO o.a.j.s.SaveService: Loading file: /home/oki/Documents/HEIG/S5/1_AIT/Labos/Labo3/tester.jmx
2019-12-03 15:24:10,551 INFO o.a.j.p.h.c.CookieManager: Settings: Delete null: true Check: true Allow variable: true Save: false Prefix: COOKIE_
2019-12-03 15:24:10,867 INFO o.a.j.v.ViewResultsFullVisualizer: Add JavaFX to your Java installation if you want to use renderer: org.apache.jmeter.visualizers.RenderInBrowser
2019-12-03 15:24:10,889 INFO o.a.j.s.FileServer: Set new base='/home/oki/Documents/HEIG/S5/1_AIT/Labos/Labo3'
2019-12-03 15:51:42,216 INFO o.a.j.e.StandardJMeterEngine: Running the test!
2019-12-03 15:51:42,218 INFO o.a.j.s.SampleEvent: List of sample_variables: []
2019-12-03 15:51:42,218 INFO o.a.j.s.SampleEvent: List of sample_variables: []
2019-12-03 15:51:42,221 INFO o.a.j.e.u.CompoundVariable: Note: Function class names must contain the string: '.functions.'
2019-12-03 15:51:42,222 INFO o.a.j.e.u.CompoundVariable: Note: Function class names must not contain the string: '.gui.'
2019-12-03 15:51:42,297 INFO o.a.j.g.u.JMeterMenuBar: setRunning(true, *local*)
2019-12-03 15:51:42,396 INFO o.a.j.e.StandardJMeterEngine: Starting ThreadGroup: 1 : Thread Group
2019-12-03 15:51:42,397 INFO o.a.j.e.StandardJMeterEngine: Starting 1 threads for group Thread Group.
2019-12-03 15:51:42,397 INFO o.a.j.e.StandardJMeterEngine: Thread will continue on error
2019-12-03 15:51:42,398 INFO o.a.j.t.ThreadGroup: Starting thread group... number=1 threads=1 ramp-up=1 delayedStart=false
2019-12-03 15:51:42,438 INFO o.a.j.t.ThreadGroup: Started thread group number 1
2019-12-03 15:51:42,438 INFO o.a.j.e.StandardJMeterEngine: All thread groups have been started
2019-12-03 15:51:42,444 INFO o.a.j.t.JMeterThread: Thread started: Thread Group 1-1
2019-12-03 15:51:42,462 INFO o.a.j.p.h.s.HTTPHCAbstractImpl: Local host = oki-HP-ProBook-450-G5
2019-12-03 15:51:42,471 INFO o.a.j.p.h.s.HTTPHC4Impl: HTTP request retry count = 0
2019-12-03 15:51:42,749 INFO o.a.j.u.JsseSSLManager: Using default SSL protocol: TLS
2019-12-03 15:51:42,749 INFO o.a.j.u.JsseSSLManager: SSL session context: per-thread
2019-12-03 15:57:33,174 INFO o.a.j.t.JMeterThread: Thread is done: Thread Group 1-1
2019-12-03 15:57:33,175 INFO o.a.j.t.JMeterThread: Thread finished: Thread Group 1-1
2019-12-03 15:57:33,175 INFO o.a.j.e.StandardJMeterEngine: Notifying test listeners of end of test
2019-12-03 15:57:33,176 INFO o.a.j.g.u.JMeterMenuBar: setRunning(false, *local*)
2019-12-03 15:58:54,722 INFO o.a.j.e.StandardJMeterEngine: Running the test!
2019-12-03 15:58:54,723 INFO o.a.j.s.SampleEvent: List of sample_variables: []
2019-12-03 15:58:54,731 INFO o.a.j.g.u.JMeterMenuBar: setRunning(true, *local*)
2019-12-03 15:58:54,871 INFO o.a.j.e.StandardJMeterEngine: Starting ThreadGroup: 1 : Thread Group
2019-12-03 15:58:54,872 INFO o.a.j.e.StandardJMeterEngine: Starting 1 threads for group Thread Group.
2019-12-03 15:58:54,873 INFO o.a.j.e.StandardJMeterEngine: Thread will continue on error
2019-12-03 15:58:54,873 INFO o.a.j.t.ThreadGroup: Starting thread group... number=1 threads=1 ramp-up=1 delayedStart=false
2019-12-03 15:58:54,897 INFO o.a.j.t.ThreadGroup: Started thread group number 1
2019-12-03 15:58:54,897 INFO o.a.j.e.StandardJMeterEngine: All thread groups have been started
2019-12-03 15:58:54,900 INFO o.a.j.t.JMeterThread: Thread started: Thread Group 1-1
2019-12-03 16:05:48,119 INFO o.a.j.t.JMeterThread: Thread is done: Thread Group 1-1
2019-12-03 16:05:48,120 INFO o.a.j.t.JMeterThread: Thread finished: Thread Group 1-1
2019-12-03 16:05:48,120 INFO o.a.j.e.StandardJMeterEngine: Notifying test listeners of end of test
2019-12-03 16:05:48,121 INFO o.a.j.g.u.JMeterMenuBar: setRunning(false, *local*)
